2015-02-14 16:36:09 [INFO] - http://k.autohome.com.cn/ {com.glacier.spider.AutoHome.init(AutoHome.java:32)}
2015-02-14 18:48:28 [ERROR] - java.lang.IndexOutOfBoundsException: No group 2
	at java.util.regex.Matcher.group(Matcher.java:487)
	at com.glacier.spider.AutoHome.getAllReview(AutoHome.java:189)
	at com.glacier.spider.AutoHome.getCarInfo(AutoHome.java:152)
	at com.glacier.spider.AutoHome.getCarList(AutoHome.java:80)
	at com.glacier.spider.AutoHome.init(AutoHome.java:47)
	at com.glacier.spider.AutoHome.main(AutoHome.java:32)
	at sun.reflect.NativeMethodAccessorImpl.invoke0(Native Method)
	at sun.reflect.NativeMethodAccessorImpl.invoke(NativeMethodAccessorImpl.java:57)
	at sun.reflect.DelegatingMethodAccessorImpl.invoke(DelegatingMethodAccessorImpl.java:43)
	at java.lang.reflect.Method.invoke(Method.java:606)
	at com.intellij.rt.execution.application.AppMain.main(AppMain.java:134)
 {com.glacier.spider.AutoHome.getAllReview(AutoHome.java:219)}
2015-02-14 18:48:29 [ERROR] - java.lang.IndexOutOfBoundsException: No group 2
	at java.util.regex.Matcher.group(Matcher.java:487)
	at com.glacier.spider.AutoHome.getAllReview(AutoHome.java:189)
	at com.glacier.spider.AutoHome.getCarInfo(AutoHome.java:152)
	at com.glacier.spider.AutoHome.getCarList(AutoHome.java:80)
	at com.glacier.spider.AutoHome.init(AutoHome.java:47)
	at com.glacier.spider.AutoHome.main(AutoHome.java:32)
	at sun.reflect.NativeMethodAccessorImpl.invoke0(Native Method)
	at sun.reflect.NativeMethodAccessorImpl.invoke(NativeMethodAccessorImpl.java:57)
	at sun.reflect.DelegatingMethodAccessorImpl.invoke(DelegatingMethodAccessorImpl.java:43)
	at java.lang.reflect.Method.invoke(Method.java:606)
	at com.intellij.rt.execution.application.AppMain.main(AppMain.java:134)
 {com.glacier.spider.AutoHome.getAllReview(AutoHome.java:219)}
2015-02-14 18:48:29 [ERROR] - java.lang.IndexOutOfBoundsException: No group 2
	at java.util.regex.Matcher.group(Matcher.java:487)
	at com.glacier.spider.AutoHome.getAllReview(AutoHome.java:189)
	at com.glacier.spider.AutoHome.getCarInfo(AutoHome.java:152)
	at com.glacier.spider.AutoHome.getCarList(AutoHome.java:80)
	at com.glacier.spider.AutoHome.init(AutoHome.java:47)
	at com.glacier.spider.AutoHome.main(AutoHome.java:32)
	at sun.reflect.NativeMethodAccessorImpl.invoke0(Native Method)
	at sun.reflect.NativeMethodAccessorImpl.invoke(NativeMethodAccessorImpl.java:57)
	at sun.reflect.DelegatingMethodAccessorImpl.invoke(DelegatingMethodAccessorImpl.java:43)
	at java.lang.reflect.Method.invoke(Method.java:606)
	at com.intellij.rt.execution.application.AppMain.main(AppMain.java:134)
 {com.glacier.spider.AutoHome.getAllReview(AutoHome.java:219)}
2015-02-14 19:27:46 [ERROR] - java.lang.IndexOutOfBoundsException: No group 2
	at java.util.regex.Matcher.group(Matcher.java:487)
	at com.glacier.spider.AutoHome.getAllReview(AutoHome.java:192)
	at com.glacier.spider.AutoHome.getCarInfo(AutoHome.java:152)
	at com.glacier.spider.AutoHome.getCarList(AutoHome.java:80)
	at com.glacier.spider.AutoHome.init(AutoHome.java:47)
	at com.glacier.spider.AutoHome.main(AutoHome.java:32)
	at sun.reflect.NativeMethodAccessorImpl.invoke0(Native Method)
	at sun.reflect.NativeMethodAccessorImpl.invoke(NativeMethodAccessorImpl.java:57)
	at sun.reflect.DelegatingMethodAccessorImpl.invoke(DelegatingMethodAccessorImpl.java:43)
	at java.lang.reflect.Method.invoke(Method.java:606)
	at com.intellij.rt.execution.application.AppMain.main(AppMain.java:134)
 {com.glacier.spider.AutoHome.getAllReview(AutoHome.java:222)}
